Build started 2015-02-08 21:14:36.
     1>Project "C:\Users\Marcin\Desktop\Projekt Grafika\DO EDYTOWANIA\Konsolowy\Konsolowy.vcxproj" on node 2 (Build target(s)).
     1>ClCompile:
         D:\Pliki programów (x86)\Microsoft Visual Studio 12.0\VC\bin\CL.exe /c /AI"C:\Program Files (x86)\Reference Assemblies\Microsoft\Framework\.NETFramework\v4.0" /AI"C:\Program Files (x86)\Windows Kits\8.1\References\CommonConfiguration\Neutral" /Zi /clr /nologo /W3 /WX- /sdl /O2 /Oi /Oy- /GL /D WIN32 /D NDEBUG /D _CONSOLE /D _LIB /D _CRT_SECURE_NO_WARNINGS /D _UNICODE /D UNICODE /Gm- /EHa /MD /GS /Gy /fp:precise /Zc:wchar_t /Zc:forScope /Fo"Release\\" /Fd"Release\vc120.pdb" /Gd /TP /FU"C:\Program Files (x86)\Reference Assemblies\Microsoft\Framework\.NETFramework\v4.0\mscorlib.dll" /FU"C:\Program Files (x86)\Reference Assemblies\Microsoft\Framework\.NETFramework\v4.0\System.Data.dll" /FU"C:\Program Files (x86)\Reference Assemblies\Microsoft\Framework\.NETFramework\v4.0\System.dll" /FU"C:\Program Files (x86)\Reference Assemblies\Microsoft\Framework\.NETFramework\v4.0\System.Drawing.dll" /FU"C:\Program Files (x86)\Reference Assemblies\Microsoft\Framework\.NETFramework\v4.0\System.Windows.Forms.dll" /FU"C:\Program Files (x86)\Reference Assemblies\Microsoft\Framework\.NETFramework\v4.0\System.Xml.dll" /analyze- /errorReport:prompt /clr:nostdlib MyForm.cpp
         MyForm.cpp
     1>MyForm.cpp(216): warning C4018: '<' : signed/unsigned mismatch
     1>MyForm.cpp(223): warning C4018: '<' : signed/unsigned mismatch
     1>MyForm.cpp(417): warning C4018: '<' : signed/unsigned mismatch
     1>MyForm.cpp(424): warning C4018: '<' : signed/unsigned mismatch
     1>MyForm.cpp(435): warning C4018: '<' : signed/unsigned mismatch
     1>MyForm.cpp(446): warning C4018: '<' : signed/unsigned mismatch
     1>MyForm.cpp(457): warning C4018: '<' : signed/unsigned mismatch
     1>MyForm.cpp(647): warning C4829: Possibly incorrect parameters to function main. Consider 'int main(Platform::Array<Platform::String^>^ argv)'
       Link:
         D:\Pliki programów (x86)\Microsoft Visual Studio 12.0\VC\bin\link.exe /ERRORREPORT:PROMPT /OUT:"C:\Users\Marcin\Desktop\Projekt Grafika\DO EDYTOWANIA\Release\Konsolowy.exe" /INCREMENTAL:NO /NOLOGO kernel32.lib user32.lib gdi32.lib winspool.lib comdlg32.lib advapi32.lib shell32.lib ole32.lib oleaut32.lib uuid.lib odbc32.lib odbccp32.lib /ASSEMBLYRESOURCE:Release\Konsolowy.MyForm.resources /MANIFEST /MANIFESTUAC:"level='asInvoker' uiAccess='false'" /manifest:embed /DEBUG /PDB:"C:\Users\Marcin\Desktop\Projekt Grafika\DO EDYTOWANIA\Release\Konsolowy.pdb" /SUBSYSTEM:WINDOWS /OPT:REF /OPT:ICF /LTCG /TLBID:1 /ENTRY:"main" /DYNAMICBASE /NXCOMPAT /IMPLIB:"C:\Users\Marcin\Desktop\Projekt Grafika\DO EDYTOWANIA\Release\Konsolowy.lib" /MACHINE:X86 /SAFESEH Release\MyForm.obj
         LINK : /LTCG specified but no code generation required; remove /LTCG from the link command line to improve linker performance
         Konsolowy.vcxproj -> C:\Users\Marcin\Desktop\Projekt Grafika\DO EDYTOWANIA\Release\Konsolowy.exe
     1>Done Building Project "C:\Users\Marcin\Desktop\Projekt Grafika\DO EDYTOWANIA\Konsolowy\Konsolowy.vcxproj" (Build target(s)).

Build succeeded.

Time Elapsed 00:00:02.31
